<?xml version="1.0" encoding="UTF-8"?>
<!-- Generated by org.testng.reporters.JUnitReportReporter -->
<testsuite skipped="0" hostname="DESKTOP-82N2FV3" name="com.heroku.testcases.TChero001" tests="1" failures="0" timestamp="2020-02-09T17:22:27 IST" time="16.393" errors="0">
  <testcase name="runTChero001" time="16.393" classname="com.heroku.testcases.TChero001"/>
</testsuite> <!-- com.heroku.testcases.TChero001 -->
